<?xml version="1.0" encoding="UTF-8"?>
<!-- Generated by org.testng.reporters.JUnitReportReporter -->
<testsuite skipped="0" hostname="LAPTOP-T5DO8TVU" name="com.myit.Web_Test.TestA" tests="4" failures="0" timestamp="2021-07-28T03:48:24 IST" time="41.377" errors="0">
  <testcase name="register" time="11.632" classname="com.myit.Web_Test.TestA"/>
  <system-out/>
  <testcase name="logout" time="6.488" classname="com.myit.Web_Test.TestA"/>
  <system-out/>
  <testcase name="login" time="6.759" classname="com.myit.Web_Test.TestA"/>
  <system-out/>
  <testcase name="buyItem" time="16.498" classname="com.myit.Web_Test.TestA"/>
  <system-out/>
</testsuite> <!-- com.myit.Web_Test.TestA -->
